<?xml version="1.0" encoding="UTF-8"?>
<!-- Generated by org.testng.reporters.JUnitXMLReporter -->
<testsuite ignored="0" hostname="DESKTOP-NGV32U7" failures="1" tests="2" name="Demo Test" time="0.095" errors="0" timestamp="2022-02-19T09:38:16 IST">
  <testcase classname="restassureddemo.TestClass" name="firstTest" time="0.009">
    <failure type="java.lang.AssertionError" message="This testcase fails always">
      <![CDATA[java.lang.AssertionError: This testcase fails always
at restassureddemo.TestClass.firstTest(TestClass.java:13)
at java.base/java.util.ArrayList.forEach(ArrayList.java:1511)
... Removed 28 stack frames]]>
    </failure>
  </testcase> <!-- firstTest -->
  <testcase classname="restassureddemo.TestClass" name="secondTest" time="0.002"/>
</testsuite> <!-- Demo Test -->
