<?xml version="1.0" encoding="UTF-8"?>
<testng-results ignored="0" total="1" passed="1" failed="0" skipped="0">
  <reporter-output>
  </reporter-output>
  <suite started-at="2022-02-12T10:30:47 IST" name="Demo Suite" finished-at="2022-02-12T10:30:51 IST" duration-ms="4391">
    <groups>
    </groups>
    <test started-at="2022-02-12T10:30:47 IST" name="Demo Test" finished-at="2022-02-12T10:30:51 IST" duration-ms="4391">
      <class name="restassureddemo.APITestsDemo">
        <test-method signature="firstTestCase()[pri:0, instance:restassureddemo.APITestsDemo@1018bde2]" started-at="2022-02-12T10:30:47 IST" name="firstTestCase" finished-at="2022-02-12T10:30:51 IST" duration-ms="4286" status="PASS">
          <reporter-output>
          </reporter-output>
        </test-method> <!-- firstTestCase -->
      </class> <!-- restassureddemo.APITestsDemo -->
    </test> <!-- Demo Test -->
  </suite> <!-- Demo Suite -->
</testng-results>
