<?xml version="1.0" encoding="UTF-8"?>
<testng-results ignored="0" total="2" passed="2" failed="0" skipped="0">
  <reporter-output>
  </reporter-output>
  <suite started-at="2022-02-19T11:32:44 IST" name="Demo Suite" finished-at="2022-02-19T11:32:49 IST" duration-ms="4155">
    <groups>
    </groups>
    <test started-at="2022-02-19T11:32:44 IST" name="Demo Test" finished-at="2022-02-19T11:32:49 IST" duration-ms="4155">
      <class name="restassureddemo.TestClass">
        <test-method is-config="true" signature="beforeMethod()[pri:0, instance:restassureddemo.TestClass@ba54932]" started-at="2022-02-19T11:32:45 IST" name="beforeMethod" finished-at="2022-02-19T11:32:46 IST" duration-ms="1605" status="PASS">
          <reporter-output>
          </reporter-output>
        </test-method> <!-- beforeMethod -->
        <test-method signature="getReq()[pri:0, instance:restassureddemo.TestClass@ba54932]" started-at="2022-02-19T11:32:46 IST" name="getReq" description="List all the users with GET" finished-at="2022-02-19T11:32:48 IST" duration-ms="1620" status="PASS">
          <reporter-output>
          </reporter-output>
        </test-method> <!-- getReq -->
        <test-method is-config="true" signature="afterMethod()[pri:0, instance:restassureddemo.TestClass@ba54932]" started-at="2022-02-19T11:32:48 IST" name="afterMethod" finished-at="2022-02-19T11:32:48 IST" duration-ms="0" status="PASS">
          <reporter-output>
          </reporter-output>
        </test-method> <!-- afterMethod -->
        <test-method is-config="true" signature="beforeMethod()[pri:0, instance:restassureddemo.TestClass@ba54932]" started-at="2022-02-19T11:32:48 IST" name="beforeMethod" finished-at="2022-02-19T11:32:48 IST" duration-ms="2" status="PASS">
          <reporter-output>
          </reporter-output>
        </test-method> <!-- beforeMethod -->
        <test-method signature="postReq()[pri:0, instance:restassureddemo.TestClass@ba54932]" started-at="2022-02-19T11:32:48 IST" name="postReq" description="Create a user with POST" finished-at="2022-02-19T11:32:49 IST" duration-ms="873" status="PASS">
          <reporter-output>
          </reporter-output>
        </test-method> <!-- postReq -->
        <test-method is-config="true" signature="afterMethod()[pri:0, instance:restassureddemo.TestClass@ba54932]" started-at="2022-02-19T11:32:49 IST" name="afterMethod" finished-at="2022-02-19T11:32:49 IST" duration-ms="0" status="PASS">
          <reporter-output>
          </reporter-output>
        </test-method> <!-- afterMethod -->
      </class> <!-- restassureddemo.TestClass -->
    </test> <!-- Demo Test -->
  </suite> <!-- Demo Suite -->
</testng-results>
