<?xml version="1.0" encoding="UTF-8"?>
<testng-results ignored="0" total="1" passed="1" failed="0" skipped="0">
  <reporter-output>
  </reporter-output>
  <suite started-at="2022-02-12T10:30:30 IST" name="Default suite" finished-at="2022-02-12T10:30:34 IST" duration-ms="4170">
    <groups>
    </groups>
    <test started-at="2022-02-12T10:30:30 IST" name="Default test" finished-at="2022-02-12T10:30:34 IST" duration-ms="4170">
      <class name="restassureddemo.APITestsDemo">
        <test-method signature="firstTestCase()[pri:0, instance:restassureddemo.APITestsDemo@5fd4f8f5]" started-at="2022-02-12T10:30:30 IST" name="firstTestCase" finished-at="2022-02-12T10:30:34 IST" duration-ms="4097" status="PASS">
          <reporter-output>
          </reporter-output>
        </test-method> <!-- firstTestCase -->
      </class> <!-- restassureddemo.APITestsDemo -->
    </test> <!-- Default test -->
  </suite> <!-- Default suite -->
</testng-results>
