<?xml version="1.0" encoding="UTF-8"?>
<testng-results ignored="1" total="2" passed="1" failed="0" skipped="0">
  <reporter-output>
  </reporter-output>
  <suite started-at="2022-02-19T11:31:59 IST" name="Default suite" finished-at="2022-02-19T11:32:02 IST" duration-ms="2930">
    <groups>
    </groups>
    <test started-at="2022-02-19T11:31:59 IST" name="Default test" finished-at="2022-02-19T11:32:02 IST" duration-ms="2930">
      <class name="restassureddemo.TestClass">
        <test-method is-config="true" signature="beforeMethod()[pri:0, instance:restassureddemo.TestClass@4944252c]" started-at="2022-02-19T11:31:59 IST" name="beforeMethod" finished-at="2022-02-19T11:32:00 IST" duration-ms="1295" status="PASS">
          <reporter-output>
          </reporter-output>
        </test-method> <!-- beforeMethod -->
        <test-method signature="getReq()[pri:0, instance:restassureddemo.TestClass@4944252c]" started-at="2022-02-19T11:32:00 IST" name="getReq" description="List all the users with GET" finished-at="2022-02-19T11:32:02 IST" duration-ms="1576" status="PASS">
          <reporter-output>
          </reporter-output>
        </test-method> <!-- getReq -->
        <test-method is-config="true" signature="afterMethod()[pri:0, instance:restassureddemo.TestClass@4944252c]" started-at="2022-02-19T11:32:02 IST" name="afterMethod" finished-at="2022-02-19T11:32:02 IST" duration-ms="0" status="PASS">
          <reporter-output>
          </reporter-output>
        </test-method> <!-- afterMethod -->
      </class> <!-- restassureddemo.TestClass -->
    </test> <!-- Default test -->
  </suite> <!-- Default suite -->
</testng-results>
